Test log message: Bot started
Test log message: Warning example
Test log message: Error example
Logging is working correctly!
This is an Algorithmich Trading Bot
Metatrader Startup Successful
symbol EURUSD initialized
New Candle, Trade time
Order executed successfully
No new candle, sleeping
Retrieving all Open Orders
Open position ID: 746201104, Profit: 4200.0
Open position ID: 746212117, Profit: 3400.0
Open position ID: 746212673, Profit: 6200.0
Open position ID: 746213254, Profit: 10000.0
Open position ID: 746215421, Profit: -6200.0
Open position ID: 746217847, Profit: -7200.0
Open position ID: 746220461, Profit: -2800.0
Open position ID: 746224030, Profit: 200.0
Retrieving all Open Orders
Open position ID: 746201104, Profit: 4400.0
Open position ID: 746212117, Profit: 3600.0
Open position ID: 746212673, Profit: 6400.0
Open position ID: 746213254, Profit: 10200.0
Open position ID: 746215421, Profit: -6400.0
Open position ID: 746217847, Profit: -7400.0
Open position ID: 746220461, Profit: -3000.0
Open position ID: 746224030, Profit: 0.0
Retrieving all Open Orders
Open position ID: 746201104, Profit: 4600.0
Open position ID: 746212117, Profit: 3800.0
Open position ID: 746212673, Profit: 6600.0
Open position ID: 746213254, Profit: 10400.0
Open position ID: 746215421, Profit: -6600.0
Open position ID: 746217847, Profit: -7600.0
Open position ID: 746220461, Profit: -3200.0
Open position ID: 746224030, Profit: -200.0
Retrieving all Open Orders
Open position ID: 746201104, Profit: 5000.0
Open position ID: 746212117, Profit: 4200.0
Open position ID: 746212673, Profit: 7000.0
Open position ID: 746213254, Profit: 10800.0
Open position ID: 746215421, Profit: -7000.0
Open position ID: 746217847, Profit: -8000.0
Open position ID: 746220461, Profit: -3600.0
Open position ID: 746224030, Profit: -600.0
Retrieving all Open Orders
Open position ID: 746201104, Profit: 5400.0
Open position ID: 746212117, Profit: 4600.0
Open position ID: 746212673, Profit: 7400.0
Open position ID: 746213254, Profit: 11200.0
Open position ID: 746215421, Profit: -7400.0
Open position ID: 746217847, Profit: -8400.0
Open position ID: 746220461, Profit: -4000.0
Open position ID: 746224030, Profit: -1000.0
Retrieving all Open Orders
Open position ID: 746201104, Profit: 5400.0
Open position ID: 746212117, Profit: 4600.0
Open position ID: 746212673, Profit: 7400.0
Open position ID: 746213254, Profit: 11200.0
Open position ID: 746215421, Profit: -7400.0
Open position ID: 746217847, Profit: -8400.0
Open position ID: 746220461, Profit: -4000.0
Open position ID: 746224030, Profit: -1000.0
Retrieving all Open Orders
Open position ID: 746201104, Profit: 5200.0
Open position ID: 746212117, Profit: 4400.0
Open position ID: 746212673, Profit: 7200.0
Open position ID: 746213254, Profit: 11000.0
Open position ID: 746215421, Profit: -7200.0
Open position ID: 746217847, Profit: -8200.0
Open position ID: 746220461, Profit: -3800.0
Open position ID: 746224030, Profit: -800.0
Retrieving all Open Orders
Open position ID: 746201104, Profit: 5200.0
Open position ID: 746212117, Profit: 4400.0
Open position ID: 746212673, Profit: 7200.0
Open position ID: 746213254, Profit: 11000.0
Open position ID: 746215421, Profit: -7200.0
Open position ID: 746217847, Profit: -8200.0
Open position ID: 746220461, Profit: -3800.0
Open position ID: 746224030, Profit: -800.0
Retrieving all Open Orders
Open position ID: 746201104, Profit: 5000.0
Open position ID: 746212117, Profit: 4200.0
Open position ID: 746212673, Profit: 7000.0
Open position ID: 746213254, Profit: 10800.0
Open position ID: 746215421, Profit: -7000.0
Open position ID: 746217847, Profit: -8000.0
Open position ID: 746220461, Profit: -3600.0
Open position ID: 746224030, Profit: -600.0
Retrieving all Open Orders
Open position ID: 746201104, Profit: 5000.0
Open position ID: 746212117, Profit: 4200.0
Open position ID: 746212673, Profit: 7000.0
Open position ID: 746213254, Profit: 10800.0
Open position ID: 746215421, Profit: -7000.0
Open position ID: 746217847, Profit: -8000.0
Open position ID: 746220461, Profit: -3600.0
Open position ID: 746224030, Profit: -600.0
Retrieving all Open Orders
Open position ID: 746201104, Profit: 5000.0
Open position ID: 746212117, Profit: 4200.0
Open position ID: 746212673, Profit: 7000.0
Open position ID: 746213254, Profit: 10800.0
Open position ID: 746215421, Profit: -7000.0
Open position ID: 746217847, Profit: -8000.0
Open position ID: 746220461, Profit: -3600.0
Open position ID: 746224030, Profit: -600.0
Retrieving all Open Orders
Open position ID: 746201104, Profit: 5000.0
Open position ID: 746212117, Profit: 4200.0
Open position ID: 746212673, Profit: 7000.0
Open position ID: 746213254, Profit: 10800.0
Open position ID: 746215421, Profit: -7000.0
Open position ID: 746217847, Profit: -8000.0
Open position ID: 746220461, Profit: -3600.0
Open position ID: 746224030, Profit: -600.0
Retrieving all Open Orders
Open position ID: 746201104, Profit: 5400.0
Open position ID: 746212117, Profit: 4600.0
Open position ID: 746212673, Profit: 7400.0
Open position ID: 746213254, Profit: 11200.0
Open position ID: 746215421, Profit: -7400.0
Open position ID: 746217847, Profit: -8400.0
Open position ID: 746220461, Profit: -4000.0
Open position ID: 746224030, Profit: -1000.0
Retrieving all Open Orders
Open position ID: 746201104, Profit: 5200.0
Open position ID: 746212117, Profit: 4400.0
Open position ID: 746212673, Profit: 7200.0
Open position ID: 746213254, Profit: 11000.0
Open position ID: 746215421, Profit: -7200.0
Open position ID: 746217847, Profit: -8200.0
Open position ID: 746220461, Profit: -3800.0
Open position ID: 746224030, Profit: -800.0
Retrieving all Open Orders
Open position ID: 746201104, Profit: 5200.0
Open position ID: 746212117, Profit: 4400.0
Open position ID: 746212673, Profit: 7200.0
Open position ID: 746213254, Profit: 11000.0
Open position ID: 746215421, Profit: -7200.0
Open position ID: 746217847, Profit: -8200.0
Open position ID: 746220461, Profit: -3800.0
Open position ID: 746224030, Profit: -800.0
Retrieving all Open Orders
Open position ID: 746201104, Profit: 5200.0
Open position ID: 746212117, Profit: 4400.0
Open position ID: 746212673, Profit: 7200.0
Open position ID: 746213254, Profit: 11000.0
Open position ID: 746215421, Profit: -7200.0
Open position ID: 746217847, Profit: -8200.0
Open position ID: 746220461, Profit: -3800.0
Open position ID: 746224030, Profit: -800.0
Retrieving all Open Orders
Open position ID: 746201104, Profit: 5200.0
Open position ID: 746212117, Profit: 4400.0
Open position ID: 746212673, Profit: 7200.0
Open position ID: 746213254, Profit: 11000.0
Open position ID: 746215421, Profit: -7200.0
Open position ID: 746217847, Profit: -8200.0
Open position ID: 746220461, Profit: -3800.0
Open position ID: 746224030, Profit: -800.0
Retrieving all Open Orders
Open position ID: 746201104, Profit: 5200.0
Open position ID: 746212117, Profit: 4400.0
Open position ID: 746212673, Profit: 7200.0
Open position ID: 746213254, Profit: 11000.0
Open position ID: 746215421, Profit: -7200.0
Open position ID: 746217847, Profit: -8200.0
Open position ID: 746220461, Profit: -3800.0
Open position ID: 746224030, Profit: -800.0
Retrieving all Open Orders
Open position ID: 746201104, Profit: 5200.0
Open position ID: 746212117, Profit: 4400.0
Open position ID: 746212673, Profit: 7200.0
Open position ID: 746213254, Profit: 11000.0
Open position ID: 746215421, Profit: -7200.0
Open position ID: 746217847, Profit: -8200.0
Open position ID: 746220461, Profit: -3800.0
Open position ID: 746224030, Profit: -800.0
Retrieving all Open Orders
Open position ID: 746201104, Profit: 5400.0
Open position ID: 746212117, Profit: 4600.0
Open position ID: 746212673, Profit: 7400.0
Open position ID: 746213254, Profit: 11200.0
Open position ID: 746215421, Profit: -7400.0
Open position ID: 746217847, Profit: -8400.0
Open position ID: 746220461, Profit: -4000.0
Open position ID: 746224030, Profit: -1000.0
Retrieving all Open Orders
Open position ID: 746201104, Profit: 4200.0
Open position ID: 746212117, Profit: 3400.0
Open position ID: 746212673, Profit: 6200.0
Open position ID: 746213254, Profit: 10000.0
Open position ID: 746215421, Profit: -6200.0
Open position ID: 746217847, Profit: -7200.0
Open position ID: 746220461, Profit: -2800.0
Open position ID: 746224030, Profit: 200.0
Retrieving all Open Orders
Open position ID: 746201104, Profit: 4200.0
Open position ID: 746212117, Profit: 3400.0
Open position ID: 746212673, Profit: 6200.0
Open position ID: 746213254, Profit: 10000.0
Open position ID: 746215421, Profit: -6200.0
Open position ID: 746217847, Profit: -7200.0
Open position ID: 746220461, Profit: -2800.0
Open position ID: 746224030, Profit: 200.0
Retrieving all Open Orders
Open position ID: 746201104, Profit: 3400.0
Open position ID: 746212117, Profit: 2600.0
Open position ID: 746212673, Profit: 5400.0
Open position ID: 746213254, Profit: 9200.0
Open position ID: 746215421, Profit: -5400.0
Open position ID: 746217847, Profit: -6400.0
Open position ID: 746220461, Profit: -2000.0
Open position ID: 746224030, Profit: 1000.0
Retrieving all Open Orders
Open position ID: 746201104, Profit: 3400.0
Open position ID: 746212117, Profit: 2600.0
Open position ID: 746212673, Profit: 5400.0
Open position ID: 746213254, Profit: 9200.0
Open position ID: 746215421, Profit: -5400.0
Open position ID: 746217847, Profit: -6400.0
Open position ID: 746220461, Profit: -2000.0
Open position ID: 746224030, Profit: 1000.0
